Ej3_Y_Hasta_0.obj : warning LNK4258: la directiva '/ENTRY:mainEj3@0' no es compatible con el modificador '/ENTRY:main23'; se ha omitido
Ej4_ImprimirNota.obj : warning LNK4258: la directiva '/ENTRY:mainEj4@0' no es compatible con el modificador '/ENTRY:main23'; se ha omitido
P_00_Plantilla.obj : warning LNK4258: la directiva '/ENTRY:main@0' no es compatible con el modificador '/ENTRY:main23'; se ha omitido
P_01_MOV_part1.obj : warning LNK4258: la directiva '/ENTRY:main1@0' no es compatible con el modificador '/ENTRY:main23'; se ha omitido
P_02_MOV_part2.obj : warning LNK4258: la directiva '/ENTRY:main2@0' no es compatible con el modificador '/ENTRY:main23'; se ha omitido
P_03_ADD.obj : warning LNK4258: la directiva '/ENTRY:main3@0' no es compatible con el modificador '/ENTRY:main23'; se ha omitido
P_04_SUB.obj : warning LNK4258: la directiva '/ENTRY:main4@0' no es compatible con el modificador '/ENTRY:main23'; se ha omitido
P_05_MUL.obj : warning LNK4258: la directiva '/ENTRY:main5@0' no es compatible con el modificador '/ENTRY:main23'; se ha omitido
P_06_DIV.obj : warning LNK4258: la directiva '/ENTRY:main6@0' no es compatible con el modificador '/ENTRY:main23'; se ha omitido
P_07_EscrituraEnPantallaDeNumeros.obj : warning LNK4258: la directiva '/ENTRY:main7@0' no es compatible con el modificador '/ENTRY:main23'; se ha omitido
P_08_EscrituraTextoEnPantalla.obj : warning LNK4258: la directiva '/ENTRY:main8@0' no es compatible con el modificador '/ENTRY:main23'; se ha omitido
P_09_LeesNumerosdePantalla.obj : warning LNK4258: la directiva '/ENTRY:main9@0' no es compatible con el modificador '/ENTRY:main23'; se ha omitido
P_10_SumaDe2Numeros.obj : warning LNK4258: la directiva '/ENTRY:main10@0' no es compatible con el modificador '/ENTRY:main23'; se ha omitido
P_11_SumaDe3Numeros.obj : warning LNK4258: la directiva '/ENTRY:main11@0' no es compatible con el modificador '/ENTRY:main23'; se ha omitido
P_12_SaltosIncondicionales.obj : warning LNK4258: la directiva '/ENTRY:main12@0' no es compatible con el modificador '/ENTRY:main23'; se ha omitido
P_13_Ejemplo1SaltosCondicionales.obj : warning LNK4258: la directiva '/ENTRY:main13@0' no es compatible con el modificador '/ENTRY:main23'; se ha omitido
P_14_ChecarMayoryMenor.obj : warning LNK4258: la directiva '/ENTRY:main14@0' no es compatible con el modificador '/ENTRY:main23'; se ha omitido
P_15_IntroCiclos.obj : warning LNK4258: la directiva '/ENTRY:main15@0' no es compatible con el modificador '/ENTRY:main23'; se ha omitido
P_16_Imprimir_N_PrimerosPares.obj : warning LNK4258: la directiva '/ENTRY:main16@0' no es compatible con el modificador '/ENTRY:main23'; se ha omitido
P_17_Factorial.obj : warning LNK4258: la directiva '/ENTRY:main17@0' no es compatible con el modificador '/ENTRY:main23'; se ha omitido
P_18_XalaY.obj : warning LNK4258: la directiva '/ENTRY:main18@0' no es compatible con el modificador '/ENTRY:main23'; se ha omitido
P_19_TabladeMultiplicar1.obj : warning LNK4258: la directiva '/ENTRY:main19@0' no es compatible con el modificador '/ENTRY:main23'; se ha omitido
P_20_TablaMultiplicarResuelve.obj : warning LNK4258: la directiva '/ENTRY:main20@0' no es compatible con el modificador '/ENTRY:main23'; se ha omitido
P_21_Intro_Loop.obj : warning LNK4258: la directiva '/ENTRY:main21@0' no es compatible con el modificador '/ENTRY:main23'; se ha omitido
P_22_LeerMientrasPositivo.obj : warning LNK4258: la directiva '/ENTRY:main22@0' no es compatible con el modificador '/ENTRY:main23'; se ha omitido
P_23_CiclosAnidados.obj : warning LNK4258: la directiva '/ENTRY:main23@0' no es compatible con el modificador '/ENTRY:main23'; se ha omitido
P_24_ChecarNesPrimos.obj : warning LNK4258: la directiva '/ENTRY:main24@0' no es compatible con el modificador '/ENTRY:main23'; se ha omitido
P_25_ChecarPrimosEntreAyB.obj : warning LNK4258: la directiva '/ENTRY:main25@0' no es compatible con el modificador '/ENTRY:main23'; se ha omitido
P_26_PerimetroRectangulo.obj : warning LNK4258: la directiva '/ENTRY:main26@0' no es compatible con el modificador '/ENTRY:main23'; se ha omitido
P_27_AreaTriangulo.obj : warning LNK4258: la directiva '/ENTRY:main27@0' no es compatible con el modificador '/ENTRY:main23'; se ha omitido
P_28_ValorAbsoluto.obj : warning LNK4258: la directiva '/ENTRY:main28@0' no es compatible con el modificador '/ENTRY:main23'; se ha omitido
P_29_CiclosAnidados_Pila.obj : warning LNK4258: la directiva '/ENTRY:main29@0' no es compatible con el modificador '/ENTRY:main23'; se ha omitido
P_30_EjemploBasicoConLaPila.obj : warning LNK4258: la directiva '/ENTRY:main30@0' no es compatible con el modificador '/ENTRY:main23'; se ha omitido
P_31_EjemploBasico2_ConPila.obj : warning LNK4258: la directiva '/ENTRY:main31@0' no es compatible con el modificador '/ENTRY:main23'; se ha omitido
P_32_ImpresionTablasMultiplicas.obj : warning LNK4258: la directiva '/ENTRY:main32@0' no es compatible con el modificador '/ENTRY:main23'; se ha omitido
  PM_6_Clase__U2.vcxproj -> C:\Users\jose\Documents\Carpeta Jose\Uat semestre-primavera-2022\PROGRAMACION DE MICROPROCESADORES\PM_CLASE\UNIDAD_1\PM_6_Clase__U2\Debug\PM_6_Clase__U2.exe
