  Assembling P_14_CMPSB.asm...
  Assembling P_15_SCASB.asm...
  Assembling P_16_REPNZ_scasb.asm...
  Assembling P_17_STOSB.asm...
  Assembling P_18_LODSB.asm...
P_00_Plantilla.obj : warning LNK4258: la directiva '/ENTRY:main@0' no es compatible con el modificador '/ENTRY:main16'; se ha omitido
P_01_Vectores_Unidimensionales.obj : warning LNK4258: la directiva '/ENTRY:main1@0' no es compatible con el modificador '/ENTRY:main16'; se ha omitido
P_02_VectoresEjemplo2.obj : warning LNK4258: la directiva '/ENTRY:main2@0' no es compatible con el modificador '/ENTRY:main16'; se ha omitido
P_03_VectoresEjemplo3.obj : warning LNK4258: la directiva '/ENTRY:main3@0' no es compatible con el modificador '/ENTRY:main16'; se ha omitido
P_08_Arreglos_bidimensionales.obj : warning LNK4258: la directiva '/ENTRY:main8@0' no es compatible con el modificador '/ENTRY:main16'; se ha omitido
P_09_matriz_bidimensional.obj : warning LNK4258: la directiva '/ENTRY:main9@0' no es compatible con el modificador '/ENTRY:main16'; se ha omitido
P_10_Matriz_Bidimensional_con_Macro.obj : warning LNK4258: la directiva '/ENTRY:main10@0' no es compatible con el modificador '/ENTRY:main16'; se ha omitido
P_12_MOV58.obj : warning LNK4258: la directiva '/ENTRY:main12@0' no es compatible con el modificador '/ENTRY:main16'; se ha omitido
P_11_Recorrida_Matriz.obj : warning LNK4258: la directiva '/ENTRY:main11@0' no es compatible con el modificador '/ENTRY:main16'; se ha omitido
P_13_Prefijo_REP_.obj : warning LNK4258: la directiva '/ENTRY:main13@0' no es compatible con el modificador '/ENTRY:main16'; se ha omitido
P_14_CMPSB.obj : warning LNK4258: la directiva '/ENTRY:main14@0' no es compatible con el modificador '/ENTRY:main16'; se ha omitido
P_15_SCASB.obj : warning LNK4258: la directiva '/ENTRY:main15@0' no es compatible con el modificador '/ENTRY:main16'; se ha omitido
P_16_REPNZ_scasb.obj : warning LNK4258: la directiva '/ENTRY:main16@0' no es compatible con el modificador '/ENTRY:main16'; se ha omitido
P_17_STOSB.obj : warning LNK4258: la directiva '/ENTRY:main17@0' no es compatible con el modificador '/ENTRY:main16'; se ha omitido
P_18_LODSB.obj : warning LNK4258: la directiva '/ENTRY:main18@0' no es compatible con el modificador '/ENTRY:main16'; se ha omitido
  Clase_U4.vcxproj -> C:\Users\jose\Documents\Carpeta Jose\Uat semestre-primavera-2022\PROGRAMACION DE MICROPROCESADORES\PM_CLASE\Unidad_4\Clase_U4\Debug\Clase_U4.exe
